#
# There is insufficient memory for the Java Runtime Environment to continue.
# Native memory allocation (malloc) failed to allocate 109056 bytes. Error detail: Chunk::new
# Possible reasons:
#   The system is out of physical RAM or swap space
#   This process is running with CompressedOops enabled, and the Java Heap may be blocking the growth of the native heap
# Possible solutions:
#   Reduce memory load on the system
#   Increase physical memory or swap space
#   Check if swap backing store is full
#   Decrease Java heap size (-Xmx/-Xms)
#   Decrease number of Java threads
#   Decrease Java thread stack sizes (-Xss)
#   Set larger code cache with -XX:ReservedCodeCacheSize=
#   JVM is running with Zero Based Compressed Oops mode in which the Java heap is
#     placed in the first 32GB address space. The Java Heap base address is the
#     maximum limit for the native heap growth. Please use -XX:HeapBaseMinAddress
#     to set the Java Heap base and to place the Java Heap above 32GB virtual address.
# This output file may be truncated or incomplete.
#
#  Out of Memory Error (arena.cpp:149), pid=2036, tid=27524
#
# JRE version: Java(TM) SE Runtime Environment (23.0.2+7) (build 23.0.2+7-58)
# Java VM: Java HotSpot(TM) 64-Bit Server VM (23.0.2+7-58, mixed mode, sharing, tiered, compressed oops, compressed class ptrs, g1 gc, windows-amd64)
# No core dump will be written. Minidumps are not enabled by default on client versions of Windows
#

---------------  S U M M A R Y ------------

Command Line: --add-modules=ALL-DEFAULT jdk.compiler/com.sun.tools.javac.launcher.SourceLauncher Main.java

Host: 13th Gen Intel(R) Core(TM) i5-13420H, 12 cores, 15G,  Windows 11 , 64 bit Build 22621 (10.0.22621.5413)
Time: Wed Jun 11 23:40:49 2025 Bangladesh Standard Time elapsed time: 0.738213 seconds (0d 0h 0m 0s)

---------------  T H R E A D  ---------------

Current thread (0x0000024245c42ca0):  JavaThread "C2 CompilerThread1" daemon [_thread_in_native, id=27524, stack(0x000000ea5ac00000,0x000000ea5ad00000) (1024K)]


Current CompileTask:
C2:738 1250       4       jdk.internal.jimage.ImageLocation::getFullName (109 bytes)

Stack: [0x000000ea5ac00000,0x000000ea5ad00000]
Native frames: (J=compiled Java code, j=interpreted, Vv=VM code, C=native code)
V  [jvm.dll+0x6e0b99]  (no source info available)
V  [jvm.dll+0x87e2b3]  (no source info available)
V  [jvm.dll+0x88073e]  (no source info available)
V  [jvm.dll+0x880e13]  (no source info available)
V  [jvm.dll+0x27b006]  (no source info available)
V  [jvm.dll+0xbc06f]  (no source info available)
V  [jvm.dll+0xbc2cb]  (no source info available)
V  [jvm.dll+0x2ef244]  (no source info available)
V  [jvm.dll+0x38999e]  (no source info available)
V  [jvm.dll+0x244ba1]  (no source info available)
V  [jvm.dll+0x243eff]  (no source info available)
V  [jvm.dll+0x1c34b0]  (no source info available)
V  [jvm.dll+0x253df1]  (no source info available)
V  [jvm.dll+0x2520aa]  (no source info available)
V  [jvm.dll+0x3ee226]  (no source info available)
V  [jvm.dll+0x8254cb]  (no source info available)
V  [jvm.dll+0x6df345]  (no source info available)
C  [ucrtbase.dll+0x29333]  (no source info available)
C  [KERNEL32.DLL+0x1259d]  (no source info available)
C  [ntdll.dll+0x5af78]  (no source info available)

Lock stack of current Java thread (top to bottom):


---------------  P R O C E S S  ---------------

Threads class SMR info:
_java_thread_list=0x00000242459726c0, length=13, elements={
0x0000024253d2f8a0, 0x000002427348c6b0, 0x000002427348e750, 0x00000242734905c0,
0x0000024273493360, 0x0000024273495310, 0x00000242734963f0, 0x0000024273499390,
0x000002427349d540, 0x00000242450aa460, 0x00000242451e66e0, 0x0000024245c42ca0,
0x0000024245c19e10
}

Java Threads: ( => current thread )
  0x0000024253d2f8a0 JavaThread "main"                              [_thread_in_vm, id=26988, stack(0x000000ea59a00000,0x000000ea59b00000) (1024K)]
  0x000002427348c6b0 JavaThread "Reference Handler"          daemon [_thread_blocked, id=32644, stack(0x000000ea5a200000,0x000000ea5a300000) (1024K)]
  0x000002427348e750 JavaThread "Finalizer"                  daemon [_thread_blocked, id=31764, stack(0x000000ea5a300000,0x000000ea5a400000) (1024K)]
  0x00000242734905c0 JavaThread "Signal Dispatcher"          daemon [_thread_blocked, id=32604, stack(0x000000ea5a400000,0x000000ea5a500000) (1024K)]
  0x0000024273493360 JavaThread "Attach Listener"            daemon [_thread_blocked, id=9784, stack(0x000000ea5a500000,0x000000ea5a600000) (1024K)]
  0x0000024273495310 JavaThread "Service Thread"             daemon [_thread_blocked, id=32420, stack(0x000000ea5a600000,0x000000ea5a700000) (1024K)]
  0x00000242734963f0 JavaThread "Monitor Deflation Thread"   daemon [_thread_blocked, id=5208, stack(0x000000ea5a700000,0x000000ea5a800000) (1024K)]
  0x0000024273499390 JavaThread "C2 CompilerThread0"         daemon [_thread_in_native, id=6568, stack(0x000000ea5a800000,0x000000ea5a900000) (1024K)]
  0x000002427349d540 JavaThread "C1 CompilerThread0"         daemon [_thread_in_vm, id=32920, stack(0x000000ea5a900000,0x000000ea5aa00000) (1024K)]
  0x00000242450aa460 JavaThread "Common-Cleaner"             daemon [_thread_blocked, id=32740, stack(0x000000ea5aa00000,0x000000ea5ab00000) (1024K)]
  0x00000242451e66e0 JavaThread "Notification Thread"        daemon [_thread_blocked, id=13104, stack(0x000000ea5ab00000,0x000000ea5ac00000) (1024K)]
=>0x0000024245c42ca0 JavaThread "C2 CompilerThread1"         daemon [_thread_in_native, id=27524, stack(0x000000ea5ac00000,0x000000ea5ad00000) (1024K)]
  0x0000024245c19e10 JavaThread "C2 CompilerThread2"         daemon [_thread_in_native, id=32220, stack(0x000000ea5ad00000,0x000000ea5ae00000) (1024K)]
Total: 13

Other Threads:
  0x00000242734743d0 VMThread "VM Thread"                           [id=13276, stack(0x000000ea5a100000,0x000000ea5a200000) (1024K)]
  0x0000024273462810 WatcherThread "VM Periodic Task Thread"        [id=33616, stack(0x000000ea5a000000,0x000000ea5a100000) (1024K)]
  0x0000024253d96000 WorkerThread "GC Thread#0"                     [id=31888, stack(0x000000ea59b00000,0x000000ea59c00000) (1024K)]
  0x0000024245dd1050 WorkerThread "GC Thread#1"                     [id=33144, stack(0x000000ea5ae00000,0x000000ea5af00000) (1024K)]
  0x0000024245d96b70 WorkerThread "GC Thread#2"                     [id=32352, stack(0x000000ea5af00000,0x000000ea5b000000) (1024K)]
  0x0000024245d96f20 WorkerThread "GC Thread#3"                     [id=33676, stack(0x000000ea5b000000,0x000000ea5b100000) (1024K)]
  0x0000024245e5f850 WorkerThread "GC Thread#4"                     [id=31040, stack(0x000000ea5b100000,0x000000ea5b200000) (1024K)]
  0x0000024245e61220 WorkerThread "GC Thread#5"                     [id=2248, stack(0x000000ea5b200000,0x000000ea5b300000) (1024K)]
  0x0000024245e60ac0 WorkerThread "GC Thread#6"                     [id=32932, stack(0x000000ea5b300000,0x000000ea5b400000) (1024K)]
  0x0000024253daabf0 ConcurrentGCThread "G1 Main Marker"            [id=32496, stack(0x000000ea59c00000,0x000000ea59d00000) (1024K)]
  0x0000024253dabea0 WorkerThread "G1 Conc#0"                       [id=14332, stack(0x000000ea59d00000,0x000000ea59e00000) (1024K)]
  0x0000024253dedff0 ConcurrentGCThread "G1 Refine#0"               [id=32228, stack(0x000000ea59e00000,0x000000ea59f00000) (1024K)]
  0x0000024253deeb70 ConcurrentGCThread "G1 Service"                [id=2060, stack(0x000000ea59f00000,0x000000ea5a000000) (1024K)]
Total: 13

Threads with active compile tasks:
C2 CompilerThread0  836 1515   !   4       com.sun.tools.javac.jvm.ClassReader::classSigToType (530 bytes)
C1 CompilerThread0  836 1632       3       com.sun.tools.javac.comp.Flow$BaseAnalyzer::scan (27 bytes)
C2 CompilerThread1  836 1250       4       jdk.internal.jimage.ImageLocation::getFullName (109 bytes)
C2 CompilerThread2  836 1440   !   4       com.sun.tools.javac.parser.JavaTokenizer::readToken (1839 bytes)
Total: 4

VM state: not at safepoint (normal execution)

VM Mutex/Monitor currently owned by a thread:  ([mutex/lock_event])
[0x00007fff74552888] Metaspace_lock - owner thread: 0x0000024253d2f8a0

Heap address: 0x0000000705800000, size: 4008 MB, Compressed Oops mode: Zero based, Oop shift amount: 3

CDS archive(s) mapped at: [0x0000024200000000-0x0000024200d70000-0x0000024200d70000), size 14090240, SharedBaseAddress: 0x0000024200000000, ArchiveRelocationMode: 1.
Compressed class space mapped at: 0x0000024201000000-0x0000024241000000, reserved size: 1073741824
Narrow klass base: 0x0000024200000000, Narrow klass shift: 0, Narrow klass range: 0x41000000

GC Precious Log:
 CardTable entry size: 512
 Card Set container configuration: InlinePtr #cards 4 size 8 Array Of Cards #cards 16 size 48 Howl #buckets 8 coarsen threshold 3686 Howl Bitmap #cards 512 size 80 coarsen threshold 460 Card regions per heap region 1 cards per card region 4096
 CPUs: 12 total, 12 available
 Memory: 16024M
 Large Page Support: Disabled
 NUMA Support: Disabled
 Compressed Oops: Enabled (Zero based)
 Heap Region Size: 2M
 Heap Min Capacity: 8M
 Heap Initial Capacity: 252M
 Heap Max Capacity: 4008M
 Pre-touch: Disabled
 Parallel Workers: 10
 Concurrent Workers: 3
 Concurrent Refinement Workers: 10
 Periodic GC: Disabled

Heap:
 garbage-first heap   total reserved 4104192K, committed 258048K, used 21780K [0x0000000705800000, 0x0000000800000000)
  region size 2048K, 12 young (24576K), 2 survivors (4096K)
 Metaspace       used 9508K, committed 9728K, reserved 1114112K
  class space    used 1097K, committed 1216K, reserved 1048576K

Heap Regions: E=young(eden), S=young(survivor), O=old, HS=humongous(starts), HC=humongous(continues), CS=collection set, F=free, TAMS=top-at-mark-start, PB=parsable bottom
|   0|0x0000000705800000, 0x0000000705945148, 0x0000000705a00000| 63%| O|  |TAMS 0x0000000705800000| PB 0x0000000705800000| Untracked |  0
|   1|0x0000000705a00000, 0x0000000705a00000, 0x0000000705c00000|  0%| F|  |TAMS 0x0000000705a00000| PB 0x0000000705a00000| Untracked |  0
|   2|0x0000000705c00000, 0x0000000705c00000, 0x0000000705e00000|  0%| F|  |TAMS 0x0000000705c00000| PB 0x0000000705c00000| Untracked |  0
|   3|0x0000000705e00000, 0x0000000705e00000, 0x0000000706000000|  0%| F|  |TAMS 0x0000000705e00000| PB 0x0000000705e00000| Untracked |  0
|   4|0x0000000706000000, 0x0000000706000000, 0x0000000706200000|  0%| F|  |TAMS 0x0000000706000000| PB 0x0000000706000000| Untracked |  0
|   5|0x0000000706200000, 0x0000000706200000, 0x0000000706400000|  0%| F|  |TAMS 0x0000000706200000| PB 0x0000000706200000| Untracked |  0
|   6|0x0000000706400000, 0x0000000706400000, 0x0000000706600000|  0%| F|  |TAMS 0x0000000706400000| PB 0x0000000706400000| Untracked |  0
|   7|0x0000000706600000, 0x0000000706600000, 0x0000000706800000|  0%| F|  |TAMS 0x0000000706600000| PB 0x0000000706600000| Untracked |  0
|   8|0x0000000706800000, 0x0000000706800000, 0x0000000706a00000|  0%| F|  |TAMS 0x0000000706800000| PB 0x0000000706800000| Untracked |  0
|   9|0x0000000706a00000, 0x0000000706a00000, 0x0000000706c00000|  0%| F|  |TAMS 0x0000000706a00000| PB 0x0000000706a00000| Untracked |  0
|  10|0x0000000706c00000, 0x0000000706c00000, 0x0000000706e00000|  0%| F|  |TAMS 0x0000000706c00000| PB 0x0000000706c00000| Untracked |  0
|  11|0x0000000706e00000, 0x0000000706e00000, 0x0000000707000000|  0%| F|  |TAMS 0x0000000706e00000| PB 0x0000000706e00000| Untracked |  0
|  12|0x0000000707000000, 0x0000000707000000, 0x0000000707200000|  0%| F|  |TAMS 0x0000000707000000| PB 0x0000000707000000| Untracked |  0
|  13|0x0000000707200000, 0x0000000707200000, 0x0000000707400000|  0%| F|  |TAMS 0x0000000707200000| PB 0x0000000707200000| Untracked |  0
|  14|0x0000000707400000, 0x0000000707400000, 0x0000000707600000|  0%| F|  |TAMS 0x0000000707400000| PB 0x0000000707400000| Untracked |  0
|  15|0x0000000707600000, 0x0000000707600000, 0x0000000707800000|  0%| F|  |TAMS 0x0000000707600000| PB 0x0000000707600000| Untracked |  0
|  16|0x0000000707800000, 0x0000000707800000, 0x0000000707a00000|  0%| F|  |TAMS 0x0000000707800000| PB 0x0000000707800000| Untracked |  0
|  17|0x0000000707a00000, 0x0000000707a00000, 0x0000000707c00000|  0%| F|  |TAMS 0x0000000707a00000| PB 0x0000000707a00000| Untracked |  0
|  18|0x0000000707c00000, 0x0000000707c00000, 0x0000000707e00000|  0%| F|  |TAMS 0x0000000707c00000| PB 0x0000000707c00000| Untracked |  0
|  19|0x0000000707e00000, 0x0000000707e00000, 0x0000000708000000|  0%| F|  |TAMS 0x0000000707e00000| PB 0x0000000707e00000| Untracked |  0
|  20|0x0000000708000000, 0x0000000708000000, 0x0000000708200000|  0%| F|  |TAMS 0x0000000708000000| PB 0x0000000708000000| Untracked |  0
|  21|0x0000000708200000, 0x0000000708200000, 0x0000000708400000|  0%| F|  |TAMS 0x0000000708200000| PB 0x0000000708200000| Untracked |  0
|  22|0x0000000708400000, 0x0000000708400000, 0x0000000708600000|  0%| F|  |TAMS 0x0000000708400000| PB 0x0000000708400000| Untracked |  0
|  23|0x0000000708600000, 0x0000000708600000, 0x0000000708800000|  0%| F|  |TAMS 0x0000000708600000| PB 0x0000000708600000| Untracked |  0
|  24|0x0000000708800000, 0x0000000708800000, 0x0000000708a00000|  0%| F|  |TAMS 0x0000000708800000| PB 0x0000000708800000| Untracked |  0
|  25|0x0000000708a00000, 0x0000000708a00000, 0x0000000708c00000|  0%| F|  |TAMS 0x0000000708a00000| PB 0x0000000708a00000| Untracked |  0
|  26|0x0000000708c00000, 0x0000000708c00000, 0x0000000708e00000|  0%| F|  |TAMS 0x0000000708c00000| PB 0x0000000708c00000| Untracked |  0
|  27|0x0000000708e00000, 0x0000000708e00000, 0x0000000709000000|  0%| F|  |TAMS 0x0000000708e00000| PB 0x0000000708e00000| Untracked |  0
|  28|0x0000000709000000, 0x0000000709000000, 0x0000000709200000|  0%| F|  |TAMS 0x0000000709000000| PB 0x0000000709000000| Untracked |  0
|  29|0x0000000709200000, 0x0000000709200000, 0x0000000709400000|  0%| F|  |TAMS 0x0000000709200000| PB 0x0000000709200000| Untracked |  0
|  30|0x0000000709400000, 0x0000000709400000, 0x0000000709600000|  0%| F|  |TAMS 0x0000000709400000| PB 0x0000000709400000| Untracked |  0
|  31|0x0000000709600000, 0x0000000709600000, 0x0000000709800000|  0%| F|  |TAMS 0x0000000709600000| PB 0x0000000709600000| Untracked |  0
|  32|0x0000000709800000, 0x0000000709800000, 0x0000000709a00000|  0%| F|  |TAMS 0x0000000709800000| PB 0x0000000709800000| Untracked |  0
|  33|0x0000000709a00000, 0x0000000709a00000, 0x0000000709c00000|  0%| F|  |TAMS 0x0000000709a00000| PB 0x0000000709a00000| Untracked |  0
|  34|0x0000000709c00000, 0x0000000709c00000, 0x0000000709e00000|  0%| F|  |TAMS 0x0000000709c00000| PB 0x0000000709c00000| Untracked |  0
|  35|0x0000000709e00000, 0x0000000709e00000, 0x000000070a000000|  0%| F|  |TAMS 0x0000000709e00000| PB 0x0000000709e00000| Untracked |  0
|  36|0x000000070a000000, 0x000000070a000000, 0x000000070a200000|  0%| F|  |TAMS 0x000000070a000000| PB 0x000000070a000000| Untracked |  0
|  37|0x000000070a200000, 0x000000070a200000, 0x000000070a400000|  0%| F|  |TAMS 0x000000070a200000| PB 0x000000070a200000| Untracked |  0
|  38|0x000000070a400000, 0x000000070a400000, 0x000000070a600000|  0%| F|  |TAMS 0x000000070a400000| PB 0x000000070a400000| Untracked |  0
|  39|0x000000070a600000, 0x000000070a600000, 0x000000070a800000|  0%| F|  |TAMS 0x000000070a600000| PB 0x000000070a600000| Untracked |  0
|  40|0x000000070a800000, 0x000000070a800000, 0x000000070aa00000|  0%| F|  |TAMS 0x000000070a800000| PB 0x000000070a800000| Untracked |  0
|  41|0x000000070aa00000, 0x000000070aa00000, 0x000000070ac00000|  0%| F|  |TAMS 0x000000070aa00000| PB 0x000000070aa00000| Untracked |  0
|  42|0x000000070ac00000, 0x000000070ac00000, 0x000000070ae00000|  0%| F|  |TAMS 0x000000070ac00000| PB 0x000000070ac00000| Untracked |  0
|  43|0x000000070ae00000, 0x000000070ae00000, 0x000000070b000000|  0%| F|  |TAMS 0x000000070ae00000| PB 0x000000070ae00000| Untracked |  0
|  44|0x000000070b000000, 0x000000070b000000, 0x000000070b200000|  0%| F|  |TAMS 0x000000070b000000| PB 0x000000070b000000| Untracked |  0
|  45|0x000000070b200000, 0x000000070b200000, 0x000000070b400000|  0%| F|  |TAMS 0x000000070b200000| PB 0x000000070b200000| Untracked |  0
|  46|0x000000070b400000, 0x000000070b400000, 0x000000070b600000|  0%| F|  |TAMS 0x000000070b400000| PB 0x000000070b400000| Untracked |  0
|  47|0x000000070b600000, 0x000000070b600000, 0x000000070b800000|  0%| F|  |TAMS 0x000000070b600000| PB 0x000000070b600000| Untracked |  0
|  48|0x000000070b800000, 0x000000070b800000, 0x000000070ba00000|  0%| F|  |TAMS 0x000000070b800000| PB 0x000000070b800000| Untracked |  0
|  49|0x000000070ba00000, 0x000000070ba00000, 0x000000070bc00000|  0%| F|  |TAMS 0x000000070ba00000| PB 0x000000070ba00000| Untracked |  0
|  50|0x000000070bc00000, 0x000000070bc00000, 0x000000070be00000|  0%| F|  |TAMS 0x000000070bc00000| PB 0x000000070bc00000| Untracked |  0
|  51|0x000000070be00000, 0x000000070be00000, 0x000000070c000000|  0%| F|  |TAMS 0x000000070be00000| PB 0x000000070be00000| Untracked |  0
|  52|0x000000070c000000, 0x000000070c000000, 0x000000070c200000|  0%| F|  |TAMS 0x000000070c000000| PB 0x000000070c000000| Untracked |  0
|  53|0x000000070c200000, 0x000000070c200000, 0x000000070c400000|  0%| F|  |TAMS 0x000000070c200000| PB 0x000000070c200000| Untracked |  0
|  54|0x000000070c400000, 0x000000070c400000, 0x000000070c600000|  0%| F|  |TAMS 0x000000070c400000| PB 0x000000070c400000| Untracked |  0
|  55|0x000000070c600000, 0x000000070c600000, 0x000000070c800000|  0%| F|  |TAMS 0x000000070c600000| PB 0x000000070c600000| Untracked |  0
|  56|0x000000070c800000, 0x000000070c800000, 0x000000070ca00000|  0%| F|  |TAMS 0x000000070c800000| PB 0x000000070c800000| Untracked |  0
|  57|0x000000070ca00000, 0x000000070ca00000, 0x000000070cc00000|  0%| F|  |TAMS 0x000000070ca00000| PB 0x000000070ca00000| Untracked |  0
|  58|0x000000070cc00000, 0x000000070cc00000, 0x000000070ce00000|  0%| F|  |TAMS 0x000000070cc00000| PB 0x000000070cc00000| Untracked |  0
|  59|0x000000070ce00000, 0x000000070ce00000, 0x000000070d000000|  0%| F|  |TAMS 0x000000070ce00000| PB 0x000000070ce00000| Untracked |  0
|  60|0x000000070d000000, 0x000000070d000000, 0x000000070d200000|  0%| F|  |TAMS 0x000000070d000000| PB 0x000000070d000000| Untracked |  0
|  61|0x000000070d200000, 0x000000070d200000, 0x000000070d400000|  0%| F|  |TAMS 0x000000070d200000| PB 0x000000070d200000| Untracked |  0
|  62|0x000000070d400000, 0x000000070d400000, 0x000000070d600000|  0%| F|  |TAMS 0x000000070d400000| PB 0x000000070d400000| Untracked |  0
|  63|0x000000070d600000, 0x000000070d600000, 0x000000070d800000|  0%| F|  |TAMS 0x000000070d600000| PB 0x000000070d600000| Untracked |  0
|  64|0x000000070d800000, 0x000000070d800000, 0x000000070da00000|  0%| F|  |TAMS 0x000000070d800000| PB 0x000000070d800000| Untracked |  0
|  65|0x000000070da00000, 0x000000070da00000, 0x000000070dc00000|  0%| F|  |TAMS 0x000000070da00000| PB 0x000000070da00000| Untracked |  0
|  66|0x000000070dc00000, 0x000000070dc00000, 0x000000070de00000|  0%| F|  |TAMS 0x000000070dc00000| PB 0x000000070dc00000| Untracked |  0
|  67|0x000000070de00000, 0x000000070de00000, 0x000000070e000000|  0%| F|  |TAMS 0x000000070de00000| PB 0x000000070de00000| Untracked |  0
|  68|0x000000070e000000, 0x000000070e000000, 0x000000070e200000|  0%| F|  |TAMS 0x000000070e000000| PB 0x000000070e000000| Untracked |  0
|  69|0x000000070e200000, 0x000000070e200000, 0x000000070e400000|  0%| F|  |TAMS 0x000000070e200000| PB 0x000000070e200000| Untracked |  0
|  70|0x000000070e400000, 0x000000070e400000, 0x000000070e600000|  0%| F|  |TAMS 0x000000070e400000| PB 0x000000070e400000| Untracked |  0
|  71|0x000000070e600000, 0x000000070e600000, 0x000000070e800000|  0%| F|  |TAMS 0x000000070e600000| PB 0x000000070e600000| Untracked |  0
|  72|0x000000070e800000, 0x000000070e800000, 0x000000070ea00000|  0%| F|  |TAMS 0x000000070e800000| PB 0x000000070e800000| Untracked |  0
|  73|0x000000070ea00000, 0x000000070ea00000, 0x000000070ec00000|  0%| F|  |TAMS 0x000000070ea00000| PB 0x000000070ea00000| Untracked |  0
|  74|0x000000070ec00000, 0x000000070ec00000, 0x000000070ee00000|  0%| F|  |TAMS 0x000000070ec00000| PB 0x000000070ec00000| Untracked |  0
|  75|0x000000070ee00000, 0x000000070ee00000, 0x000000070f000000|  0%| F|  |TAMS 0x000000070ee00000| PB 0x000000070ee00000| Untracked |  0
|  76|0x000000070f000000, 0x000000070f000000, 0x000000070f200000|  0%| F|  |TAMS 0x000000070f000000| PB 0x000000070f000000| Untracked |  0
|  77|0x000000070f200000, 0x000000070f200000, 0x000000070f400000|  0%| F|  |TAMS 0x000000070f200000| PB 0x000000070f200000| Untracked |  0
|  78|0x000000070f400000, 0x000000070f400000, 0x000000070f600000|  0%| F|  |TAMS 0x000000070f400000| PB 0x000000070f400000| Untracked |  0
|  79|0x000000070f600000, 0x000000070f600000, 0x000000070f800000|  0%| F|  |TAMS 0x000000070f600000| PB 0x000000070f600000| Untracked |  0
|  80|0x000000070f800000, 0x000000070f800000, 0x000000070fa00000|  0%| F|  |TAMS 0x000000070f800000| PB 0x000000070f800000| Untracked |  0
|  81|0x000000070fa00000, 0x000000070fa00000, 0x000000070fc00000|  0%| F|  |TAMS 0x000000070fa00000| PB 0x000000070fa00000| Untracked |  0
|  82|0x000000070fc00000, 0x000000070fc00000, 0x000000070fe00000|  0%| F|  |TAMS 0x000000070fc00000| PB 0x000000070fc00000| Untracked |  0
|  83|0x000000070fe00000, 0x000000070fe00000, 0x0000000710000000|  0%| F|  |TAMS 0x000000070fe00000| PB 0x000000070fe00000| Untracked |  0
|  84|0x0000000710000000, 0x0000000710000000, 0x0000000710200000|  0%| F|  |TAMS 0x0000000710000000| PB 0x0000000710000000| Untracked |  0
|  85|0x0000000710200000, 0x0000000710200000, 0x0000000710400000|  0%| F|  |TAMS 0x0000000710200000| PB 0x0000000710200000| Untracked |  0
|  86|0x0000000710400000, 0x0000000710400000, 0x0000000710600000|  0%| F|  |TAMS 0x0000000710400000| PB 0x0000000710400000| Untracked |  0
|  87|0x0000000710600000, 0x0000000710600000, 0x0000000710800000|  0%| F|  |TAMS 0x0000000710600000| PB 0x0000000710600000| Untracked |  0
|  88|0x0000000710800000, 0x0000000710800000, 0x0000000710a00000|  0%| F|  |TAMS 0x0000000710800000| PB 0x0000000710800000| Untracked |  0
|  89|0x0000000710a00000, 0x0000000710a00000, 0x0000000710c00000|  0%| F|  |TAMS 0x0000000710a00000| PB 0x0000000710a00000| Untracked |  0
|  90|0x0000000710c00000, 0x0000000710c00000, 0x0000000710e00000|  0%| F|  |TAMS 0x0000000710c00000| PB 0x0000000710c00000| Untracked |  0
|  91|0x0000000710e00000, 0x0000000710e00000, 0x0000000711000000|  0%| F|  |TAMS 0x0000000710e00000| PB 0x0000000710e00000| Untracked |  0
|  92|0x0000000711000000, 0x0000000711000000, 0x0000000711200000|  0%| F|  |TAMS 0x0000000711000000| PB 0x0000000711000000| Untracked |  0
|  93|0x0000000711200000, 0x0000000711200000, 0x0000000711400000|  0%| F|  |TAMS 0x0000000711200000| PB 0x0000000711200000| Untracked |  0
|  94|0x0000000711400000, 0x0000000711400000, 0x0000000711600000|  0%| F|  |TAMS 0x0000000711400000| PB 0x0000000711400000| Untracked |  0
|  95|0x0000000711600000, 0x0000000711600000, 0x0000000711800000|  0%| F|  |TAMS 0x0000000711600000| PB 0x0000000711600000| Untracked |  0
|  96|0x0000000711800000, 0x0000000711800000, 0x0000000711a00000|  0%| F|  |TAMS 0x0000000711800000| PB 0x0000000711800000| Untracked |  0
|  97|0x0000000711a00000, 0x0000000711a00000, 0x0000000711c00000|  0%| F|  |TAMS 0x0000000711a00000| PB 0x0000000711a00000| Untracked |  0
|  98|0x0000000711c00000, 0x0000000711c00000, 0x0000000711e00000|  0%| F|  |TAMS 0x0000000711c00000| PB 0x0000000711c00000| Untracked |  0
|  99|0x0000000711e00000, 0x0000000711e00000, 0x0000000712000000|  0%| F|  |TAMS 0x0000000711e00000| PB 0x0000000711e00000| Untracked |  0
| 100|0x0000000712000000, 0x0000000712000000, 0x0000000712200000|  0%| F|  |TAMS 0x0000000712000000| PB 0x0000000712000000| Untracked |  0
| 101|0x0000000712200000, 0x0000000712200000, 0x0000000712400000|  0%| F|  |TAMS 0x0000000712200000| PB 0x0000000712200000| Untracked |  0
| 102|0x0000000712400000, 0x0000000712400000, 0x0000000712600000|  0%| F|  |TAMS 0x0000000712400000| PB 0x0000000712400000| Untracked |  0
| 103|0x0000000712600000, 0x0000000712600000, 0x0000000712800000|  0%| F|  |TAMS 0x0000000712600000| PB 0x0000000712600000| Untracked |  0
| 104|0x0000000712800000, 0x0000000712800000, 0x0000000712a00000|  0%| F|  |TAMS 0x0000000712800000| PB 0x0000000712800000| Untracked |  0
| 105|0x0000000712a00000, 0x0000000712a00000, 0x0000000712c00000|  0%| F|  |TAMS 0x0000000712a00000| PB 0x0000000712a00000| Untracked |  0
| 106|0x0000000712c00000, 0x0000000712c00000, 0x0000000712e00000|  0%| F|  |TAMS 0x0000000712c00000| PB 0x0000000712c00000| Untracked |  0
| 107|0x0000000712e00000, 0x0000000712e00000, 0x0000000713000000|  0%| F|  |TAMS 0x0000000712e00000| PB 0x0000000712e00000| Untracked |  0
| 108|0x0000000713000000, 0x0000000713000000, 0x0000000713200000|  0%| F|  |TAMS 0x0000000713000000| PB 0x0000000713000000| Untracked |  0
| 109|0x0000000713200000, 0x0000000713200000, 0x0000000713400000|  0%| F|  |TAMS 0x0000000713200000| PB 0x0000000713200000| Untracked |  0
| 110|0x0000000713400000, 0x0000000713400000, 0x0000000713600000|  0%| F|  |TAMS 0x0000000713400000| PB 0x0000000713400000| Untracked |  0
| 111|0x0000000713600000, 0x0000000713600000, 0x0000000713800000|  0%| F|  |TAMS 0x0000000713600000| PB 0x0000000713600000| Untracked |  0
| 112|0x0000000713800000, 0x0000000713a00000, 0x0000000713a00000|100%| S|CS|TAMS 0x0000000713800000| PB 0x0000000713800000| Complete |  0
| 113|0x0000000713a00000, 0x0000000713c00000, 0x0000000713c00000|100%| S|CS|TAMS 0x0000000713a00000| PB 0x0000000713a00000| Complete |  0
| 114|0x0000000713c00000, 0x0000000713c00000, 0x0000000713e00000|  0%| F|  |TAMS 0x0000000713c00000| PB 0x0000000713c00000| Untracked |  0
| 115|0x0000000713e00000, 0x0000000713e00000, 0x0000000714000000|  0%| F|  |TAMS 0x0000000713e00000| PB 0x0000000713e00000| Untracked |  0
| 116|0x0000000714000000, 0x00000007140c8398, 0x0000000714200000| 39%| E|  |TAMS 0x0000000714000000| PB 0x0000000714000000| Complete |  0
| 117|0x0000000714200000, 0x0000000714400000, 0x0000000714400000|100%| E|CS|TAMS 0x0000000714200000| PB 0x0000000714200000| Complete |  0
| 118|0x0000000714400000, 0x0000000714600000, 0x0000000714600000|100%| E|CS|TAMS 0x0000000714400000| PB 0x0000000714400000| Complete |  0
| 119|0x0000000714600000, 0x0000000714800000, 0x0000000714800000|100%| E|  |TAMS 0x0000000714600000| PB 0x0000000714600000| Complete |  0
| 120|0x0000000714800000, 0x0000000714a00000, 0x0000000714a00000|100%| E|CS|TAMS 0x0000000714800000| PB 0x0000000714800000| Complete |  0
| 121|0x0000000714a00000, 0x0000000714c00000, 0x0000000714c00000|100%| E|CS|TAMS 0x0000000714a00000| PB 0x0000000714a00000| Complete |  0
| 122|0x0000000714c00000, 0x0000000714e00000, 0x0000000714e00000|100%| E|CS|TAMS 0x0000000714c00000| PB 0x0000000714c00000| Complete |  0
| 123|0x0000000714e00000, 0x0000000715000000, 0x0000000715000000|100%| E|CS|TAMS 0x0000000714e00000| PB 0x0000000714e00000| Complete |  0
| 124|0x0000000715000000, 0x0000000715200000, 0x0000000715200000|100%| E|CS|TAMS 0x0000000715000000| PB 0x0000000715000000| Complete |  0
| 125|0x0000000715200000, 0x0000000715400000, 0x0000000715400000|100%| E|CS|TAMS 0x0000000715200000| PB 0x0000000715200000| Complete |  0

Card table byte_map: [0x000002426c1a0000,0x000002426c980000] _byte_map_base: 0x0000024268974000

Marking Bits: (CMBitMap*) 0x0000024253d96710
 Bits: [0x000002426c980000, 0x0000024270820000)

Polling page: 0x0000024251b40000

Metaspace:

Usage:
  Non-class:      8.21 MB used.
      Class:      1.07 MB used.
       Both:      9.29 MB used.

Virtual space:
  Non-class space:       64.00 MB reserved,       8.31 MB ( 13%) committed,  1 nodes.
      Class space:        1.00 GB reserved,       1.19 MB ( <1%) committed,  1 nodes.
             Both:        1.06 GB reserved,       9.50 MB ( <1%) committed. 

Chunk freelists:
   Non-Class:  5.42 MB
       Class:  14.78 MB
        Both:  20.20 MB

MaxMetaspaceSize: unlimited
CompressedClassSpaceSize: 1.00 GB
Initial GC threshold: 21.00 MB
Current GC threshold: 21.00 MB
CDS: on
 - commit_granule_bytes: 65536.
 - commit_granule_words: 8192.
 - virtual_space_node_default_size: 8388608.
 - enlarge_chunks_in_place: 1.
 - use_allocation_guard: 0.


Internal statistics:

num_allocs_failed_limit: 0.
num_arena_births: 110.
num_arena_deaths: 0.
num_vsnodes_births: 2.
num_vsnodes_deaths: 0.
num_space_committed: 152.
num_space_uncommitted: 0.
num_chunks_returned_to_freelist: 0.
num_chunks_taken_from_freelist: 429.
num_chunk_merges: 0.
num_chunk_splits: 309.
num_chunks_enlarged: 239.
num_inconsistent_stats: 0.

CodeHeap 'non-profiled nmethods': size=120064Kb used=468Kb max_used=468Kb free=119595Kb
 bounds [0x0000024263f30000, 0x00000242641a0000, 0x000002426b470000]
CodeHeap 'profiled nmethods': size=120000Kb used=2560Kb max_used=2560Kb free=117439Kb
 bounds [0x000002425c470000, 0x000002425c700000, 0x00000242639a0000]
CodeHeap 'non-nmethods': size=5696Kb used=1340Kb max_used=1374Kb free=4356Kb
 bounds [0x00000242639a0000, 0x0000024263c10000, 0x0000024263f30000]
CodeCache: size=245760Kb, used=4368Kb, max_used=4402Kb, free=241390Kb
 total_blobs=2066, nmethods=1613, adapters=358, full_count=0
Compilation: enabled, stopped_count=0, restarted_count=0

Compilation events (20 events):
Event: 0.728 Thread 0x000002427349d540 nmethod 1473 0x000002425c690408 code [0x000002425c690540, 0x000002425c6907c8]
Event: 0.728 Thread 0x000002427349d540 1474       3       com.sun.tools.javac.parser.JavacParser::checkExprStat (44 bytes)
Event: 0.729 Thread 0x000002427349d540 nmethod 1474 0x000002425c690808 code [0x000002425c6909c0, 0x000002425c691338]
Event: 0.729 Thread 0x000002427349d540 1475       3       com.sun.tools.javac.tree.TreeInfo::isExpressionStatement (132 bytes)
Event: 0.729 Thread 0x000002427349d540 nmethod 1475 0x000002425c691408 code [0x000002425c691540, 0x000002425c691940]
Event: 0.729 Thread 0x000002427349d540 1487       3       com.sun.tools.javac.util.Convert::string2int (109 bytes)
Event: 0.729 Thread 0x000002427349d540 nmethod 1487 0x000002425c691988 code [0x000002425c691b60, 0x000002425c692330]
Event: 0.729 Thread 0x000002427349d540 1491       3       com.sun.tools.javac.parser.JavacParser::arguments (114 bytes)
Event: 0.730 Thread 0x000002427349d540 nmethod 1491 0x000002425c692388 code [0x000002425c692640, 0x000002425c693e80]
Event: 0.730 Thread 0x000002427349d540 1492       3       com.sun.tools.javac.parser.Tokens$Token::getDocComments (98 bytes)
Event: 0.731 Thread 0x000002427349d540 nmethod 1492 0x000002425c694008 code [0x000002425c694200, 0x000002425c694fb8]
Event: 0.731 Thread 0x000002427349d540 1479       3       com.sun.tools.javac.tree.TreeMaker::Select (21 bytes)
Event: 0.731 Thread 0x000002427349d540 nmethod 1479 0x000002425c695088 code [0x000002425c6951c0, 0x000002425c695580]
Event: 0.731 Thread 0x000002427349d540 1496   !   3       com.sun.tools.javac.parser.JavacParser::literal (655 bytes)
Event: 0.734 Thread 0x000002427349d540 nmethod 1496 0x000002425c695608 code [0x000002425c695dc0, 0x000002425c69a6f8]
Event: 0.734 Thread 0x000002427349d540 1490       3       com.sun.tools.javac.tree.JCTree$JCPolyExpression::<init> (5 bytes)
Event: 0.734 Thread 0x000002427349d540 nmethod 1490 0x000002425c69a988 code [0x000002425c69aac0, 0x000002425c69ace8]
Event: 0.734 Thread 0x000002427349d540 1494       3       com.sun.tools.javac.parser.JavacParser::blockStatement (1454 bytes)
Event: 0.734 Thread 0x0000024273499390 nmethod 1447 0x0000024263fa1488 code [0x0000024263fa1620, 0x0000024263fa1dc0]
Event: 0.734 Thread 0x0000024273499390 1483       4       com.sun.tools.javac.parser.JavaTokenizer::scanIdent (639 bytes)

GC Heap History (2 events):
Event: 0.645 GC heap before
{Heap before GC invocations=0 (full 0):
 garbage-first heap   total reserved 4104192K, committed 258048K, used 24576K [0x0000000705800000, 0x0000000800000000)
  region size 2048K, 12 young (24576K), 0 survivors (0K)
 Metaspace       used 8898K, committed 9088K, reserved 1114112K
  class space    used 1061K, committed 1152K, reserved 1048576K
}
Event: 0.650 GC heap after
{Heap after GC invocations=1 (full 0):
 garbage-first heap   total reserved 4104192K, committed 258048K, used 5396K [0x0000000705800000, 0x0000000800000000)
  region size 2048K, 2 young (4096K), 2 survivors (4096K)
 Metaspace       used 8898K, committed 9088K, reserved 1114112K
  class space    used 1061K, committed 1152K, reserved 1048576K
}

Dll operation events (5 events):
Event: 0.023 Loaded shared library C:\Program Files\Java\jdk-23\bin\java.dll
Event: 0.069 Loaded shared library C:\Program Files\Java\jdk-23\bin\jsvml.dll
Event: 0.104 Loaded shared library C:\Program Files\Java\jdk-23\bin\jimage.dll
Event: 0.109 Loaded shared library C:\Program Files\Java\jdk-23\bin\net.dll
Event: 0.111 Loaded shared library C:\Program Files\Java\jdk-23\bin\nio.dll

Deoptimization events (20 events):
Event: 0.631 Thread 0x0000024253d2f8a0 Uncommon trap: trap_request=0xffffff45 fr.pc=0x0000024263f7402c relative=0x000000000000012c
Event: 0.631 Thread 0x0000024253d2f8a0 Uncommon trap: reason=unstable_if action=reinterpret pc=0x0000024263f7402c method=java.lang.StringCoding.countPositives([BII)I @ 17 c2
Event: 0.631 Thread 0x0000024253d2f8a0 DEOPT PACKING pc=0x0000024263f7402c sp=0x000000ea59afce70
Event: 0.631 Thread 0x0000024253d2f8a0 DEOPT UNPACKING pc=0x00000242639f4402 sp=0x000000ea59afce10 mode 2
Event: 0.634 Thread 0x0000024253d2f8a0 Uncommon trap: trap_request=0xffffff45 fr.pc=0x0000024263f6b84c relative=0x000000000000048c
Event: 0.634 Thread 0x0000024253d2f8a0 Uncommon trap: reason=unstable_if action=reinterpret pc=0x0000024263f6b84c method=java.lang.StringLatin1.canEncode(C)Z @ 4 c2
Event: 0.634 Thread 0x0000024253d2f8a0 DEOPT PACKING pc=0x0000024263f6b84c sp=0x000000ea59afc0b0
Event: 0.634 Thread 0x0000024253d2f8a0 DEOPT UNPACKING pc=0x00000242639f4402 sp=0x000000ea59afc028 mode 2
Event: 0.634 Thread 0x0000024253d2f8a0 Uncommon trap: trap_request=0xffffff45 fr.pc=0x0000024263f6cd24 relative=0x00000000000004e4
Event: 0.634 Thread 0x0000024253d2f8a0 Uncommon trap: reason=unstable_if action=reinterpret pc=0x0000024263f6cd24 method=java.lang.AbstractStringBuilder.isLatin1()Z @ 10 c2
Event: 0.634 Thread 0x0000024253d2f8a0 DEOPT PACKING pc=0x0000024263f6cd24 sp=0x000000ea59afc290
Event: 0.634 Thread 0x0000024253d2f8a0 DEOPT UNPACKING pc=0x00000242639f4402 sp=0x000000ea59afc1e8 mode 2
Event: 0.634 Thread 0x0000024253d2f8a0 Uncommon trap: trap_request=0xffffff45 fr.pc=0x0000024263f7fcf4 relative=0x0000000000000534
Event: 0.634 Thread 0x0000024253d2f8a0 Uncommon trap: reason=unstable_if action=reinterpret pc=0x0000024263f7fcf4 method=java.lang.AbstractStringBuilder.isLatin1()Z @ 10 c2
Event: 0.634 Thread 0x0000024253d2f8a0 DEOPT PACKING pc=0x0000024263f7fcf4 sp=0x000000ea59afc5c0
Event: 0.634 Thread 0x0000024253d2f8a0 DEOPT UNPACKING pc=0x00000242639f4402 sp=0x000000ea59afc4c8 mode 2
Event: 0.684 Thread 0x0000024253d2f8a0 Uncommon trap: trap_request=0xffffff45 fr.pc=0x0000024263f8d27c relative=0x00000000000000dc
Event: 0.684 Thread 0x0000024253d2f8a0 Uncommon trap: reason=unstable_if action=reinterpret pc=0x0000024263f8d27c method=com.sun.tools.javac.parser.UnicodeReader.nextUnicodeInputCharacter()V @ 28 c2
Event: 0.684 Thread 0x0000024253d2f8a0 DEOPT PACKING pc=0x0000024263f8d27c sp=0x000000ea59afc6c0
Event: 0.684 Thread 0x0000024253d2f8a0 DEOPT UNPACKING pc=0x00000242639f4402 sp=0x000000ea59afc5f0 mode 2

Classes loaded (20 events):
Event: 0.522 Loading class java/nio/file/Files$2
Event: 0.522 Loading class java/nio/file/Files$2 done
Event: 0.522 Loading class java/util/ImmutableCollections$Access
Event: 0.523 Loading class java/util/ImmutableCollections$Access done
Event: 0.523 Loading class java/util/ImmutableCollections$Access$1
Event: 0.523 Loading class jdk/internal/access/JavaUtilCollectionAccess
Event: 0.523 Loading class jdk/internal/access/JavaUtilCollectionAccess done
Event: 0.523 Loading class java/util/ImmutableCollections$Access$1 done
Event: 0.523 Loading class sun/nio/fs/WindowsPath$WindowsPathWithAttributes
Event: 0.523 Loading class sun/nio/fs/BasicFileAttributesHolder
Event: 0.523 Loading class sun/nio/fs/BasicFileAttributesHolder done
Event: 0.523 Loading class sun/nio/fs/WindowsPath$WindowsPathWithAttributes done
Event: 0.588 Loading class java/util/LinkedList$Node
Event: 0.588 Loading class java/util/LinkedList$Node done
Event: 0.620 Loading class java/util/LinkedList$ListItr
Event: 0.620 Loading class java/util/LinkedList$ListItr done
Event: 0.699 Loading class java/util/stream/Nodes$FixedNodeBuilder
Event: 0.699 Loading class java/util/stream/Nodes$ArrayNode
Event: 0.699 Loading class java/util/stream/Nodes$ArrayNode done
Event: 0.699 Loading class java/util/stream/Nodes$FixedNodeBuilder done

Classes unloaded (0 events):
No events

Classes redefined (0 events):
No events

Internal exceptions (20 events):
Event: 0.376 Thread 0x0000024253d2f8a0 Exception <a 'java/lang/NoSuchMethodError'{0x0000000714f0f1c0}: 'int java.lang.invoke.DirectMethodHandle$Holder.invokeStaticInit(java.lang.Object, float, float)'> (0x0000000714f0f1c0) 
thrown [s\open\src\hotspot\share\interpreter\linkResolver.cpp, line 796]
Event: 0.377 Thread 0x0000024253d2f8a0 Exception <a 'java/lang/NoSuchMethodError'{0x0000000714f15c60}: 'int java.lang.invoke.DirectMethodHandle$Holder.invokeStaticInit(java.lang.Object, double, double)'> (0x0000000714f15c60) 
thrown [s\open\src\hotspot\share\interpreter\linkResolver.cpp, line 796]
Event: 0.377 Thread 0x0000024253d2f8a0 Exception <a 'java/lang/NoSuchMethodError'{0x0000000714f1a330}: 'int java.lang.invoke.DirectMethodHandle$Holder.invokeStatic(java.lang.Object, long)'> (0x0000000714f1a330) 
thrown [s\open\src\hotspot\share\interpreter\linkResolver.cpp, line 796]
Event: 0.380 Thread 0x0000024253d2f8a0 Exception <a 'java/lang/NoSuchMethodError'{0x0000000714f3cb48}: 'int java.lang.invoke.Invokers$Holder.linkToTargetMethod(java.lang.Object, java.lang.Object)'> (0x0000000714f3cb48) 
thrown [s\open\src\hotspot\share\interpreter\linkResolver.cpp, line 796]
Event: 0.391 Thread 0x0000024253d2f8a0 Exception <a 'java/lang/NoSuchMethodError'{0x0000000714f81e80}: 'java.lang.Object java.lang.invoke.DirectMethodHandle$Holder.invokeVirtual(java.lang.Object, java.lang.Object, java.lang.Object)'> (0x0000000714f81e80) 
thrown [s\open\src\hotspot\share\interpreter\linkResolver.cpp, line 796]
Event: 0.393 Thread 0x0000024253d2f8a0 Exception <a 'java/lang/NoSuchMethodError'{0x0000000714f8bb88}: 'int java.lang.invoke.DirectMethodHandle$Holder.invokeInterface(java.lang.Object, java.lang.Object)'> (0x0000000714f8bb88) 
thrown [s\open\src\hotspot\share\interpreter\linkResolver.cpp, line 796]
Event: 0.394 Thread 0x0000024253d2f8a0 Exception <a 'sun/nio/fs/WindowsException'{0x0000000714f91880}> (0x0000000714f91880) 
thrown [s\open\src\hotspot\share\prims\jni.cpp, line 520]
Event: 0.452 Thread 0x0000024253d2f8a0 Exception <a 'sun/nio/fs/WindowsException'{0x0000000714c0e128}> (0x0000000714c0e128) 
thrown [s\open\src\hotspot\share\prims\jni.cpp, line 520]
Event: 0.452 Thread 0x0000024253d2f8a0 Exception <a 'java/lang/NoSuchMethodError'{0x0000000714c11248}: 'void java.lang.invoke.DirectMethodHandle$Holder.invokeStatic(java.lang.Object, java.lang.Object, java.lang.Object, java.lang.Object)'> (0x0000000714c11248) 
thrown [s\open\src\hotspot\share\interpreter\linkResolver.cpp, line 796]
Event: 0.455 Thread 0x0000024253d2f8a0 Exception <a 'sun/nio/fs/WindowsException'{0x0000000714c226b0}> (0x0000000714c226b0) 
thrown [s\open\src\hotspot\share\prims\jni.cpp, line 520]
Event: 0.467 Thread 0x0000024253d2f8a0 Exception <a 'sun/nio/fs/WindowsException'{0x0000000714cf1d60}> (0x0000000714cf1d60) 
thrown [s\open\src\hotspot\share\prims\jni.cpp, line 520]
Event: 0.489 Thread 0x0000024253d2f8a0 Exception <a 'java/lang/NoSuchMethodError'{0x0000000714db8d50}: 'java.lang.Object java.lang.invoke.DirectMethodHandle$Holder.invokeSpecial(java.lang.Object, java.lang.Object, java.lang.Object, int, int)'> (0x0000000714db8d50) 
thrown [s\open\src\hotspot\share\interpreter\linkResolver.cpp, line 796]
Event: 0.490 Thread 0x0000024253d2f8a0 Exception <a 'java/lang/NoSuchMethodError'{0x0000000714dbf1d8}: 'java.lang.Object java.lang.invoke.DirectMethodHandle$Holder.invokeVirtual(java.lang.Object, java.lang.Object, int)'> (0x0000000714dbf1d8) 
thrown [s\open\src\hotspot\share\interpreter\linkResolver.cpp, line 796]
Event: 0.515 Thread 0x0000024253d2f8a0 Exception <a 'java/lang/NoSuchMethodError'{0x0000000714af8750}: 'void java.lang.invoke.DirectMethodHandle$Holder.invokeSpecial(java.lang.Object, java.lang.Object, java.lang.Object, java.lang.Object, java.lang.Object, java.lang.Object)'> (0x0000000714af8750) 
thrown [s\open\src\hotspot\share\interpreter\linkResolver.cpp, line 796]
Event: 0.566 Thread 0x0000024253d2f8a0 Exception <a 'sun/nio/fs/WindowsException'{0x00000007147743e8}> (0x00000007147743e8) 
thrown [s\open\src\hotspot\share\prims\jni.cpp, line 520]
Event: 0.566 Thread 0x0000024253d2f8a0 Exception <a 'sun/nio/fs/WindowsException'{0x0000000714774d58}> (0x0000000714774d58) 
thrown [s\open\src\hotspot\share\prims\jni.cpp, line 520]
Event: 0.568 Thread 0x0000024253d2f8a0 Exception <a 'sun/nio/fs/WindowsException'{0x000000071477d930}> (0x000000071477d930) 
thrown [s\open\src\hotspot\share\prims\jni.cpp, line 520]
Event: 0.568 Thread 0x0000024253d2f8a0 Exception <a 'sun/nio/fs/WindowsException'{0x000000071477e2a0}> (0x000000071477e2a0) 
thrown [s\open\src\hotspot\share\prims\jni.cpp, line 520]
Event: 0.590 Thread 0x0000024253d2f8a0 Exception <a 'java/lang/NoSuchMethodError'{0x0000000714096dd0}: 'java.lang.Object java.lang.invoke.DirectMethodHandle$Holder.invokeVirtual(java.lang.Object, java.lang.Object, java.lang.Object, int, int)'> (0x0000000714096dd0) 
thrown [s\open\src\hotspot\share\interpreter\linkResolver.cpp, line 796]
Event: 0.595 Thread 0x0000024253d2f8a0 Exception <a 'java/lang/NoSuchMethodError'{0x00000007140ba0d8}: 'java.lang.Object java.lang.invoke.DirectMethodHandle$Holder.invokeInterface(java.lang.Object, java.lang.Object)'> (0x00000007140ba0d8) 
thrown [s\open\src\hotspot\share\interpreter\linkResolver.cpp, line 796]

VM Operations (14 events):
Event: 0.091 Executing VM operation: HandshakeAllThreads (Deoptimize)
Event: 0.091 Executing VM operation: HandshakeAllThreads (Deoptimize) done
Event: 0.258 Executing VM operation: HandshakeAllThreads (Deoptimize)
Event: 0.258 Executing VM operation: HandshakeAllThreads (Deoptimize) done
Event: 0.396 Executing VM operation: HandshakeAllThreads (Deoptimize)
Event: 0.396 Executing VM operation: HandshakeAllThreads (Deoptimize) done
Event: 0.456 Executing VM operation: HandshakeAllThreads (Deoptimize)
Event: 0.456 Executing VM operation: HandshakeAllThreads (Deoptimize) done
Event: 0.468 Executing VM operation: HandshakeAllThreads (Deoptimize)
Event: 0.468 Executing VM operation: HandshakeAllThreads (Deoptimize) done
Event: 0.523 Executing VM operation: HandshakeAllThreads (Deoptimize)
Event: 0.523 Executing VM operation: HandshakeAllThreads (Deoptimize) done
Event: 0.645 Executing VM operation: G1CollectForAllocation (G1 Evacuation Pause)
Event: 0.650 Executing VM operation: G1CollectForAllocation (G1 Evacuation Pause) done

Memory protections (0 events):
No events

Nmethod flushes (0 events):
No events

Events (13 events):
Event: 0.051 Thread 0x0000024253d2f8a0 Thread added: 0x0000024253d2f8a0
Event: 0.065 Thread 0x0000024253d2f8a0 Thread added: 0x000002427348c6b0
Event: 0.065 Thread 0x0000024253d2f8a0 Thread added: 0x000002427348e750
Event: 0.066 Thread 0x0000024253d2f8a0 Thread added: 0x00000242734905c0
Event: 0.066 Thread 0x0000024253d2f8a0 Thread added: 0x0000024273493360
Event: 0.066 Thread 0x0000024253d2f8a0 Thread added: 0x0000024273495310
Event: 0.066 Thread 0x0000024253d2f8a0 Thread added: 0x00000242734963f0
Event: 0.066 Thread 0x0000024253d2f8a0 Thread added: 0x0000024273499390
Event: 0.066 Thread 0x0000024253d2f8a0 Thread added: 0x000002427349d540
Event: 0.082 Thread 0x0000024253d2f8a0 Thread added: 0x00000242450aa460
Event: 0.102 Thread 0x0000024253d2f8a0 Thread added: 0x00000242451e66e0
Event: 0.510 Thread 0x000002427349d540 Thread added: 0x0000024245c42ca0
Event: 0.525 Thread 0x000002427349d540 Thread added: 0x0000024245c19e10


Dynamic libraries:
0x00007ff623380000 - 0x00007ff623390000 	C:\Program Files\Java\jdk-23\bin\java.exe
0x00007ff817350000 - 0x00007ff817567000 	C:\windows\SYSTEM32\ntdll.dll
0x00007fffbccf0000 - 0x00007fffbcd0b000 	C:\Program Files\Avast Software\Avast\aswhook.dll
0x00007ff816a90000 - 0x00007ff816b54000 	C:\windows\System32\KERNEL32.DLL
0x00007ff814510000 - 0x00007ff8148e2000 	C:\windows\System32\KERNELBASE.dll
0x00007ff8148f0000 - 0x00007ff814a01000 	C:\windows\System32\ucrtbase.dll
0x00007ff806040000 - 0x00007ff806057000 	C:\Program Files\Java\jdk-23\bin\jli.dll
0x00007ffff4f20000 - 0x00007ffff4f3b000 	C:\Program Files\Java\jdk-23\bin\VCRUNTIME140.dll
0x00007ff815110000 - 0x00007ff8152c1000 	C:\windows\System32\USER32.dll
0x00007ff8144e0000 - 0x00007ff814506000 	C:\windows\System32\win32u.dll
0x00007fffe9460000 - 0x00007fffe96fb000 	C:\windows\WinSxS\amd64_microsoft.windows.common-controls_6595b64144ccf1df_6.0.22621.5413_none_270da5617387a498\COMCTL32.dll
0x00007ff8150e0000 - 0x00007ff815109000 	C:\windows\System32\GDI32.dll
0x00007ff814ad0000 - 0x00007ff814bf3000 	C:\windows\System32\gdi32full.dll
0x00007ff815b90000 - 0x00007ff815c37000 	C:\windows\System32\msvcrt.dll
0x00007ff814440000 - 0x00007ff8144da000 	C:\windows\System32\msvcp_win.dll
0x00007ff815070000 - 0x00007ff8150a1000 	C:\windows\System32\IMM32.DLL
0x00007ff80f160000 - 0x00007ff80f16c000 	C:\Program Files\Java\jdk-23\bin\vcruntime140_1.dll
0x00007fffaf5a0000 - 0x00007fffaf62e000 	C:\Program Files\Java\jdk-23\bin\msvcp140.dll
0x00007fff738e0000 - 0x00007fff74630000 	C:\Program Files\Java\jdk-23\bin\server\jvm.dll
0x00007ff8152f0000 - 0x00007ff8153a1000 	C:\windows\System32\ADVAPI32.dll
0x00007ff815ae0000 - 0x00007ff815b88000 	C:\windows\System32\sechost.dll
0x00007ff814c00000 - 0x00007ff814c28000 	C:\windows\System32\bcrypt.dll
0x00007ff815770000 - 0x00007ff815884000 	C:\windows\System32\RPCRT4.dll
0x00007ff815890000 - 0x00007ff815901000 	C:\windows\System32\WS2_32.dll
0x00007ff8132c0000 - 0x00007ff81330d000 	C:\windows\SYSTEM32\POWRPROF.dll
0x00007ff808cf0000 - 0x00007ff808cfa000 	C:\windows\SYSTEM32\VERSION.dll
0x00007ff80c740000 - 0x00007ff80c774000 	C:\windows\SYSTEM32\WINMM.dll
0x00007ff8132a0000 - 0x00007ff8132b3000 	C:\windows\SYSTEM32\UMPDC.dll
0x00007ff813560000 - 0x00007ff813578000 	C:\windows\SYSTEM32\kernel.appcore.dll
0x00007ff80e550000 - 0x00007ff80e55a000 	C:\Program Files\Java\jdk-23\bin\jimage.dll
0x00007ff811d50000 - 0x00007ff811f82000 	C:\windows\SYSTEM32\DBGHELP.DLL
0x00007ff815cc0000 - 0x00007ff816053000 	C:\windows\System32\combase.dll
0x00007ff8153b0000 - 0x00007ff815487000 	C:\windows\System32\OLEAUT32.dll
0x00007ff805f10000 - 0x00007ff805f42000 	C:\windows\SYSTEM32\dbgcore.DLL
0x00007ff814c30000 - 0x00007ff814cab000 	C:\windows\System32\bcryptPrimitives.dll
0x00007ffff2f90000 - 0x00007ffff2fae000 	C:\Program Files\Java\jdk-23\bin\java.dll
0x00007ff8155c0000 - 0x00007ff815760000 	C:\windows\System32\ole32.dll
0x00007ff816060000 - 0x00007ff816902000 	C:\windows\System32\SHELL32.dll
0x00007ff814d30000 - 0x00007ff814e6f000 	C:\windows\System32\wintypes.dll
0x00007ff812340000 - 0x00007ff812c5d000 	C:\windows\SYSTEM32\windows.storage.dll
0x00007ff8170a0000 - 0x00007ff8171ab000 	C:\windows\System32\SHCORE.dll
0x00007ff816910000 - 0x00007ff816979000 	C:\windows\System32\shlwapi.dll
0x00007ff814370000 - 0x00007ff81439b000 	C:\windows\SYSTEM32\profapi.dll
0x00007fffa9780000 - 0x00007fffa9857000 	C:\Program Files\Java\jdk-23\bin\jsvml.dll
0x00007ff80c3f0000 - 0x00007ff80c400000 	C:\Program Files\Java\jdk-23\bin\net.dll
0x00007ff8139e0000 - 0x00007ff813a49000 	C:\windows\system32\mswsock.dll
0x00007ffff29a0000 - 0x00007ffff29b6000 	C:\Program Files\Java\jdk-23\bin\nio.dll

dbghelp: loaded successfully - version: 4.0.5 - missing functions: none
symbol engine: initialized successfully - sym options: 0x614 - pdb path: .;C:\Program Files\Java\jdk-23\bin;C:\windows\SYSTEM32;C:\Program Files\Avast Software\Avast;C:\windows\WinSxS\amd64_microsoft.windows.common-controls_6595b64144ccf1df_6.0.22621.5413_none_270da5617387a498;C:\Program Files\Java\jdk-23\bin\server

VM Arguments:
jvm_args: --add-modules=ALL-DEFAULT 
java_command: jdk.compiler/com.sun.tools.javac.launcher.SourceLauncher Main.java
java_class_path (initial): .
Launcher Type: SUN_STANDARD

[Global flags]
     intx CICompilerCount                          = 4                                         {product} {ergonomic}
     uint ConcGCThreads                            = 3                                         {product} {ergonomic}
     uint G1ConcRefinementThreads                  = 10                                        {product} {ergonomic}
   size_t G1HeapRegionSize                         = 2097152                                   {product} {ergonomic}
   size_t InitialHeapSize                          = 264241152                                 {product} {ergonomic}
   size_t MarkStackSize                            = 4194304                                   {product} {ergonomic}
   size_t MarkStackSizeMax                         = 536870912                                 {product} {ergonomic}
   size_t MaxHeapSize                              = 4202692608                                {product} {ergonomic}
   size_t MaxNewSize                               = 2520776704                                {product} {ergonomic}
   size_t MinHeapDeltaBytes                        = 2097152                                   {product} {ergonomic}
   size_t MinHeapSize                              = 8388608                                   {product} {ergonomic}
    uintx NonNMethodCodeHeapSize                   = 5832704                                {pd product} {ergonomic}
    uintx NonProfiledCodeHeapSize                  = 122945536                              {pd product} {ergonomic}
    uintx ProfiledCodeHeapSize                     = 122880000                              {pd product} {ergonomic}
    uintx ReservedCodeCacheSize                    = 251658240                              {pd product} {ergonomic}
     bool SegmentedCodeCache                       = true                                      {product} {ergonomic}
   size_t SoftMaxHeapSize                          = 4202692608                             {manageable} {ergonomic}
     bool UseCompressedOops                        = true                           {product lp64_product} {ergonomic}
     bool UseG1GC                                  = true                                      {product} {ergonomic}
     bool UseLargePagesIndividualAllocation        = false                                  {pd product} {ergonomic}

Logging:
Log output configuration:
 #0: stdout all=warning uptime,level,tags foldmultilines=false
 #1: stderr all=off uptime,level,tags foldmultilines=false

Environment Variables:
PATH=C:\windows\system32;C:\windows;C:\windows\System32\Wbem;C:\windows\System32\WindowsPowerShell\v1.0\;C:\windows\System32\OpenSSH\;C:\Program Files (x86)\NVIDIA Corporation\PhysX\Common;C:\Users\Administrator\AppData\Local\Microsoft\WindowsApps;C:\Program Files\HP\OMEN-Broadcast\Common;C:\Program Files\HP\HP One Agent;C:\Program Files\NVIDIA Corporation\NVIDIA app\NvDLISR;C:\Program Files\Java\jdk-23\bin;C:\Program Files\Git\cmd;C:\Users\User\AppData\Local\Microsoft\WindowsApps;C:\winlibs-x86_64-posix-seh-gcc-14.1.0-llvm-18.1.8-mingw-w64ucrt-12.0.0-r3.zip\mingw64\bin;C:\Users\User\AppData\Local\Programs\Microsoft VS Code\bin;C:\MinGW\bin;
USERNAME=User
LANG=en_US.UTF-8
OS=Windows_NT
PROCESSOR_IDENTIFIER=Intel64 Family 6 Model 186 Stepping 2, GenuineIntel
TMP=C:\Users\User\AppData\Local\Temp
TEMP=C:\Users\User\AppData\Local\Temp




Periodic native trim disabled

---------------  S Y S T E M  ---------------

OS:
 Windows 11 , 64 bit Build 22621 (10.0.22621.5413)
OS uptime: 6 days 14:33 hours
Hyper-V role detected

CPU: total 12 (initial active 12) (6 cores per cpu, 2 threads per core) family 6 model 186 stepping 2 microcode 0x4121, cx8, cmov, fxsr, ht, mmx, 3dnowpref, sse, sse2, sse3, ssse3, sse4.1, sse4.2, popcnt, lzcnt, tsc, tscinvbit, avx, avx2, aes, erms, clmul, bmi1, bmi2, adx, sha, fma, vzeroupper, clflush, clflushopt, clwb, hv, serialize, rdtscp, rdpid, fsrm, gfni, f16c, cet_ibt, cet_ss
Processor Information for processor 0
  Max Mhz: 2100, Current Mhz: 2100, Mhz Limit: 2100
Processor Information for processor 1
  Max Mhz: 2100, Current Mhz: 2100, Mhz Limit: 2100
Processor Information for processor 2
  Max Mhz: 2100, Current Mhz: 2100, Mhz Limit: 2100
Processor Information for processor 3
  Max Mhz: 2100, Current Mhz: 2100, Mhz Limit: 2100
Processor Information for processor 4
  Max Mhz: 2100, Current Mhz: 2100, Mhz Limit: 2100
Processor Information for processor 5
  Max Mhz: 2100, Current Mhz: 2100, Mhz Limit: 2100
Processor Information for processor 6
  Max Mhz: 2100, Current Mhz: 2100, Mhz Limit: 2100
Processor Information for processor 7
  Max Mhz: 2100, Current Mhz: 2100, Mhz Limit: 2100
Processor Information for processor 8
  Max Mhz: 2100, Current Mhz: 2100, Mhz Limit: 2100
Processor Information for processor 9
  Max Mhz: 2100, Current Mhz: 1540, Mhz Limit: 2100
Processor Information for processor 10
  Max Mhz: 2100, Current Mhz: 1540, Mhz Limit: 2100
Processor Information for processor 11
  Max Mhz: 2100, Current Mhz: 1540, Mhz Limit: 2100

Memory: 4k page, system-wide physical 16024M (2692M free)
TotalPageFile size 20292M (AvailPageFile size 0M)
current process WorkingSet (physical memory assigned to process): 114M, peak: 114M
current process commit charge ("private bytes"): 378M, peak: 378M

vm_info: Java HotSpot(TM) 64-Bit Server VM (23.0.2+7-58) for windows-amd64 JRE (23.0.2+7-58), built on 2024-11-29T09:34:55Z with MS VC++ 17.6 (VS2022)

END.
